  Generating code
LINK : fatal error C1001: An internal error has occurred in the compiler.
  (compiler file 'd:\agent\_work\4\s\src\vctools\Compiler\Utc\src\p2\main.c', line 166)
   To work around this problem, try simplifying or changing the program near the locations listed above.
  Please choose the Technical Support command on the Visual C++ 
   Help menu, or open the Technical Support help file for more information
    link!InvokeCompilerPass()+0x2e7e7
    link!InvokeCompilerPass()+0x21fc9
    link!InvokeCompilerPass()+0x21eea
    link!InvokeCompilerPass()+0x2d927
  
LINK : fatal error C1001: An internal error has occurred in the compiler.
  (compiler file 'd:\agent\_work\4\s\src\vctools\Compiler\Utc\src\p2\main.c', line 166)
   To work around this problem, try simplifying or changing the program near the locations listed above.
  Please choose the Technical Support command on the Visual C++ 
   Help menu, or open the Technical Support help file for more information
    link!InvokeCompilerPass()+0x2e7e7
    link!InvokeCompilerPass()+0x21fc9
    link!InvokeCompilerPass()+0x21eea
    link!InvokeCompilerPass()+0x2d927
  
  
LINK : fatal error LNK1000: Internal error during IMAGE::BuildImage
  
    Version 14.24.28316.0
  
    ExceptionCode            = C0000005
    ExceptionFlags           = 00000000
    ExceptionAddress         = 79619182 (79170000) "C:\Program Files (x86)\Microsoft Visual Studio\2019\Enterprise\VC\Tools\MSVC\14.24.28314\bin\HostX86\x64\c2.dll"
    NumberParameters         = 00000002
    ExceptionInformation[ 0] = 00000000
    ExceptionInformation[ 1] = 102C1C86
  
  CONTEXT:
    Eax    = 00000000  Esp    = 00B5E808
    Ebx    = 102C1C86  Ebp    = 00B5E818
    Ecx    = 00001505  Esi    = 00000000
    Edx    = 00000000  Edi    = 00000000
    Eip    = 79619182  EFlags = 00010246
    SegCs  = 00000023  SegDs  = 0000002B
    SegSs  = 0000002B  SegEs  = 0000002B
    SegFs  = 00000053  SegGs  = 0000002B
    Dr0    = 00000000  Dr3    = 00000000
    Dr1    = 00000000  Dr6    = 00000000
    Dr2    = 00000000  Dr7    = 00000000
